This file contains any messages produced by compilers while
running configure, to aid debugging if configure makes a mistake.

It was created by userspace-rcu configure 0.11.0-pre, which was
generated by GNU Autoconf 2.69.  Invocation command line was

  $ ./configure --disable-smp-support

## --------- ##
## Platform. ##
## --------- ##

hostname = dino-sus
uname -m = x86_64
uname -r = 4.13.0-38-generic
uname -s = Linux
uname -v = #43-Ubuntu SMP Wed Mar 14 15:20:44 UTC 2018

/usr/bin/uname -p = unknown
/bin/uname -X     = unknown

/bin/arch              = unknown
/usr/bin/arch -k       = unknown
/usr/convex/getsysinfo = unknown
/usr/bin/hostinfo      = unknown
/bin/machine           = unknown
/usr/bin/oslevel       = unknown
/bin/universe          = unknown

PATH: /usr/local/sbin
PATH: /usr/local/bin
PATH: /usr/sbin
PATH: /usr/bin
PATH: /sbin
PATH: /bin
PATH: /usr/games
PATH: /usr/local/games
PATH: /snap/bin


## ----------- ##
## Core tests. ##
## ----------- ##

configure:2502: checking build system type
configure:2516: result: x86_64-pc-linux-gnu
configure:2536: checking host system type
configure:2549: result: x86_64-pc-linux-gnu
configure:2569: checking target system type
configure:2582: result: x86_64-pc-linux-gnu
configure:2626: checking for a BSD-compatible install
configure:2694: result: /usr/bin/install -c
configure:2705: checking whether build environment is sane
configure:2760: result: yes
configure:2911: checking for a thread-safe mkdir -p
configure:2950: result: /bin/mkdir -p
configure:2957: checking for gawk
configure:2987: result: no
configure:2957: checking for mawk
configure:2973: found /usr/bin/mawk
configure:2984: result: mawk
configure:2995: checking whether make sets $(MAKE)
configure:3017: result: yes
configure:3046: checking whether make supports nested variables
configure:3063: result: yes
configure:3190: checking whether to enable maintainer-specific portions of Makefiles
configure:3199: result: yes
configure:3225: checking whether make supports nested variables
configure:3242: result: yes
configure:3302: checking for style of include used by make
configure:3330: result: GNU
configure:3401: checking for gcc
configure:3417: found /usr/bin/gcc
configure:3428: result: gcc
configure:3657: checking for C compiler version
configure:3666: gcc --version >&5
gcc (Ubuntu 7.2.0-8ubuntu3.2) 7.2.0
Copyright (C) 2017 Free Software Foundation, Inc.
This is free software; see the source for copying conditions.  There is NO
warranty; not even for MERCHANTABILITY or FITNESS FOR A PARTICULAR PURPOSE.

configure:3677: $? = 0
configure:3666: gcc -v >&5
Using built-in specs.
COLLECT_GCC=gcc
COLLECT_LTO_WRAPPER=/usr/lib/gcc/x86_64-linux-gnu/7/lto-wrapper
OFFLOAD_TARGET_NAMES=nvptx-none
OFFLOAD_TARGET_DEFAULT=1
Target: x86_64-linux-gnu
Configured with: ../src/configure -v --with-pkgversion='Ubuntu 7.2.0-8ubuntu3.2' --with-bugurl=file:///usr/share/doc/gcc-7/README.Bugs --enable-languages=c,ada,c++,go,brig,d,fortran,objc,obj-c++ --prefix=/usr --with-gcc-major-version-only --program-suffix=-7 --program-prefix=x86_64-linux-gnu- --enable-shared --enable-linker-build-id --libexecdir=/usr/lib --without-included-gettext --enable-threads=posix --libdir=/usr/lib --enable-nls --with-sysroot=/ --enable-clocale=gnu --enable-libstdcxx-debug --enable-libstdcxx-time=yes --with-default-libstdcxx-abi=new --enable-gnu-unique-object --disable-vtable-verify --enable-libmpx --enable-plugin --enable-default-pie --with-system-zlib --with-target-system-zlib --enable-objc-gc=auto --enable-multiarch --disable-werror --with-arch-32=i686 --with-abi=m64 --with-multilib-list=m32,m64,mx32 --enable-multilib --with-tune=generic --enable-offload-targets=nvptx-none --without-cuda-driver --enable-checking=release --build=x86_64-linux-gnu --host=x86_64-linux-gnu --target=x86_64-linux-gnu
Thread model: posix
gcc version 7.2.0 (Ubuntu 7.2.0-8ubuntu3.2) 
configure:3677: $? = 0
configure:3666: gcc -V >&5
gcc: error: unrecognized command line option '-V'
gcc: fatal error: no input files
compilation terminated.
configure:3677: $? = 1
configure:3666: gcc -qversion >&5
gcc: error: unrecognized command line option '-qversion'; did you mean '--version'?
gcc: fatal error: no input files
compilation terminated.
configure:3677: $? = 1
configure:3697: checking whether the C compiler works
configure:3719: gcc    conftest.c  >&5
configure:3723: $? = 0
configure:3771: result: yes
configure:3774: checking for C compiler default output file name
configure:3776: result: a.out
configure:3782: checking for suffix of executables
configure:3789: gcc -o conftest    conftest.c  >&5
configure:3793: $? = 0
configure:3815: result: 
configure:3837: checking whether we are cross compiling
configure:3845: gcc -o conftest    conftest.c  >&5
configure:3849: $? = 0
configure:3856: ./conftest
configure:3860: $? = 0
configure:3875: result: no
configure:3880: checking for suffix of object files
configure:3902: gcc -c   conftest.c >&5
configure:3906: $? = 0
configure:3927: result: o
configure:3931: checking whether we are using the GNU C compiler
configure:3950: gcc -c   conftest.c >&5
configure:3950: $? = 0
configure:3959: result: yes
configure:3968: checking whether gcc accepts -g
configure:3988: gcc -c -g  conftest.c >&5
configure:3988: $? = 0
configure:4029: result: yes
configure:4046: checking for gcc option to accept ISO C89
configure:4109: gcc  -c -g -O2  conftest.c >&5
configure:4109: $? = 0
configure:4122: result: none needed
configure:4147: checking whether gcc understands -c and -o together
configure:4169: gcc -c conftest.c -o conftest2.o
configure:4172: $? = 0
configure:4169: gcc -c conftest.c -o conftest2.o
configure:4172: $? = 0
configure:4184: result: yes
configure:4203: checking dependency style of gcc
configure:4314: result: gcc3
configure:4332: checking for thread local storage (TLS) class
configure:4355: gcc -o conftest -g -O2   conftest.c  >&5
configure:4355: $? = 0
configure:4368: result: __thread
configure:4402: checking how to run the C preprocessor
configure:4433: gcc -E  conftest.c
configure:4433: $? = 0
configure:4447: gcc -E  conftest.c
conftest.c:13:10: fatal error: ac_nonexistent.h: No such file or directory
 #include <ac_nonexistent.h>
          ^~~~~~~~~~~~~~~~~~
compilation terminated.
configure:4447: $? = 1
configure: failed program was:
| /* confdefs.h */
| #define PACKAGE_NAME "userspace-rcu"
| #define PACKAGE_TARNAME "userspace-rcu"
| #define PACKAGE_VERSION "0.11.0-pre"
| #define PACKAGE_STRING "userspace-rcu 0.11.0-pre"
| #define PACKAGE_BUGREPORT "mathieu dot desnoyers at efficios dot com"
| #define PACKAGE_URL "http://liburcu.org/"
| #define PACKAGE "userspace-rcu"
| #define VERSION "0.11.0-pre"
| #define TLS __thread
| #define CONFIG_RCU_TLS __thread
| /* end confdefs.h.  */
| #include <ac_nonexistent.h>
configure:4472: result: gcc -E
configure:4492: gcc -E  conftest.c
configure:4492: $? = 0
configure:4506: gcc -E  conftest.c
conftest.c:13:10: fatal error: ac_nonexistent.h: No such file or directory
 #include <ac_nonexistent.h>
          ^~~~~~~~~~~~~~~~~~
compilation terminated.
configure:4506: $? = 1
configure: failed program was:
| /* confdefs.h */
| #define PACKAGE_NAME "userspace-rcu"
| #define PACKAGE_TARNAME "userspace-rcu"
| #define PACKAGE_VERSION "0.11.0-pre"
| #define PACKAGE_STRING "userspace-rcu 0.11.0-pre"
| #define PACKAGE_BUGREPORT "mathieu dot desnoyers at efficios dot com"
| #define PACKAGE_URL "http://liburcu.org/"
| #define PACKAGE "userspace-rcu"
| #define VERSION "0.11.0-pre"
| #define TLS __thread
| #define CONFIG_RCU_TLS __thread
| /* end confdefs.h.  */
| #include <ac_nonexistent.h>
configure:4535: checking for grep that handles long lines and -e
configure:4593: result: /bin/grep
configure:4598: checking for egrep
configure:4660: result: /bin/grep -E
configure:4665: checking for ANSI C header files
configure:4685: gcc -c -g -O2  conftest.c >&5
configure:4685: $? = 0
configure:4758: gcc -o conftest -g -O2   conftest.c  >&5
configure:4758: $? = 0
configure:4758: ./conftest
configure:4758: $? = 0
configure:4769: result: yes
configure:4782: checking for sys/types.h
configure:4782: gcc -c -g -O2  conftest.c >&5
configure:4782: $? = 0
configure:4782: result: yes
configure:4782: checking for sys/stat.h
configure:4782: gcc -c -g -O2  conftest.c >&5
configure:4782: $? = 0
configure:4782: result: yes
configure:4782: checking for stdlib.h
configure:4782: gcc -c -g -O2  conftest.c >&5
configure:4782: $? = 0
configure:4782: result: yes
configure:4782: checking for string.h
configure:4782: gcc -c -g -O2  conftest.c >&5
configure:4782: $? = 0
configure:4782: result: yes
configure:4782: checking for memory.h
configure:4782: gcc -c -g -O2  conftest.c >&5
configure:4782: $? = 0
configure:4782: result: yes
configure:4782: checking for strings.h
configure:4782: gcc -c -g -O2  conftest.c >&5
configure:4782: $? = 0
configure:4782: result: yes
configure:4782: checking for inttypes.h
configure:4782: gcc -c -g -O2  conftest.c >&5
configure:4782: $? = 0
configure:4782: result: yes
configure:4782: checking for stdint.h
configure:4782: gcc -c -g -O2  conftest.c >&5
configure:4782: $? = 0
configure:4782: result: yes
configure:4782: checking for unistd.h
configure:4782: gcc -c -g -O2  conftest.c >&5
configure:4782: $? = 0
configure:4782: result: yes
configure:4795: checking minix/config.h usability
configure:4795: gcc -c -g -O2  conftest.c >&5
conftest.c:56:10: fatal error: minix/config.h: No such file or directory
 #include <minix/config.h>
          ^~~~~~~~~~~~~~~~
compilation terminated.
configure:4795: $? = 1
configure: failed program was:
| /* confdefs.h */
| #define PACKAGE_NAME "userspace-rcu"
| #define PACKAGE_TARNAME "userspace-rcu"
| #define PACKAGE_VERSION "0.11.0-pre"
| #define PACKAGE_STRING "userspace-rcu 0.11.0-pre"
| #define PACKAGE_BUGREPORT "mathieu dot desnoyers at efficios dot com"
| #define PACKAGE_URL "http://liburcu.org/"
| #define PACKAGE "userspace-rcu"
| #define VERSION "0.11.0-pre"
| #define TLS __thread
| #define CONFIG_RCU_TLS __thread
| #define STDC_HEADERS 1
| #define HAVE_SYS_TYPES_H 1
| #define HAVE_SYS_STAT_H 1
| #define HAVE_STDLIB_H 1
| #define HAVE_STRING_H 1
| #define HAVE_MEMORY_H 1
| #define HAVE_STRINGS_H 1
| #define HAVE_INTTYPES_H 1
| #define HAVE_STDINT_H 1
| #define HAVE_UNISTD_H 1
| /* end confdefs.h.  */
| #include <stdio.h>
| #ifdef HAVE_SYS_TYPES_H
| # include <sys/types.h>
| #endif
| #ifdef HAVE_SYS_STAT_H
| # include <sys/stat.h>
| #endif
| #ifdef STDC_HEADERS
| # include <stdlib.h>
| # include <stddef.h>
| #else
| # ifdef HAVE_STDLIB_H
| #  include <stdlib.h>
| # endif
| #endif
| #ifdef HAVE_STRING_H
| # if !defined STDC_HEADERS && defined HAVE_MEMORY_H
| #  include <memory.h>
| # endif
| # include <string.h>
| #endif
| #ifdef HAVE_STRINGS_H
| # include <strings.h>
| #endif
| #ifdef HAVE_INTTYPES_H
| # include <inttypes.h>
| #endif
| #ifdef HAVE_STDINT_H
| # include <stdint.h>
| #endif
| #ifdef HAVE_UNISTD_H
| # include <unistd.h>
| #endif
| #include <minix/config.h>
configure:4795: result: no
configure:4795: checking minix/config.h presence
configure:4795: gcc -E  conftest.c
conftest.c:23:10: fatal error: minix/config.h: No such file or directory
 #include <minix/config.h>
          ^~~~~~~~~~~~~~~~
compilation terminated.
configure:4795: $? = 1
configure: failed program was:
| /* confdefs.h */
| #define PACKAGE_NAME "userspace-rcu"
| #define PACKAGE_TARNAME "userspace-rcu"
| #define PACKAGE_VERSION "0.11.0-pre"
| #define PACKAGE_STRING "userspace-rcu 0.11.0-pre"
| #define PACKAGE_BUGREPORT "mathieu dot desnoyers at efficios dot com"
| #define PACKAGE_URL "http://liburcu.org/"
| #define PACKAGE "userspace-rcu"
| #define VERSION "0.11.0-pre"
| #define TLS __thread
| #define CONFIG_RCU_TLS __thread
| #define STDC_HEADERS 1
| #define HAVE_SYS_TYPES_H 1
| #define HAVE_SYS_STAT_H 1
| #define HAVE_STDLIB_H 1
| #define HAVE_STRING_H 1
| #define HAVE_MEMORY_H 1
| #define HAVE_STRINGS_H 1
| #define HAVE_INTTYPES_H 1
| #define HAVE_STDINT_H 1
| #define HAVE_UNISTD_H 1
| /* end confdefs.h.  */
| #include <minix/config.h>
configure:4795: result: no
configure:4795: checking for minix/config.h
configure:4795: result: no
configure:4816: checking whether it is safe to define __EXTENSIONS__
configure:4834: gcc -c -g -O2  conftest.c >&5
configure:4834: $? = 0
configure:4841: result: yes
configure:4903: checking for gcc
configure:4930: result: gcc
configure:5159: checking for C compiler version
configure:5168: gcc --version >&5
gcc (Ubuntu 7.2.0-8ubuntu3.2) 7.2.0
Copyright (C) 2017 Free Software Foundation, Inc.
This is free software; see the source for copying conditions.  There is NO
warranty; not even for MERCHANTABILITY or FITNESS FOR A PARTICULAR PURPOSE.

configure:5179: $? = 0
configure:5168: gcc -v >&5
Using built-in specs.
COLLECT_GCC=gcc
COLLECT_LTO_WRAPPER=/usr/lib/gcc/x86_64-linux-gnu/7/lto-wrapper
OFFLOAD_TARGET_NAMES=nvptx-none
OFFLOAD_TARGET_DEFAULT=1
Target: x86_64-linux-gnu
Configured with: ../src/configure -v --with-pkgversion='Ubuntu 7.2.0-8ubuntu3.2' --with-bugurl=file:///usr/share/doc/gcc-7/README.Bugs --enable-languages=c,ada,c++,go,brig,d,fortran,objc,obj-c++ --prefix=/usr --with-gcc-major-version-only --program-suffix=-7 --program-prefix=x86_64-linux-gnu- --enable-shared --enable-linker-build-id --libexecdir=/usr/lib --without-included-gettext --enable-threads=posix --libdir=/usr/lib --enable-nls --with-sysroot=/ --enable-clocale=gnu --enable-libstdcxx-debug --enable-libstdcxx-time=yes --with-default-libstdcxx-abi=new --enable-gnu-unique-object --disable-vtable-verify --enable-libmpx --enable-plugin --enable-default-pie --with-system-zlib --with-target-system-zlib --enable-objc-gc=auto --enable-multiarch --disable-werror --with-arch-32=i686 --with-abi=m64 --with-multilib-list=m32,m64,mx32 --enable-multilib --with-tune=generic --enable-offload-targets=nvptx-none --without-cuda-driver --enable-checking=release --build=x86_64-linux-gnu --host=x86_64-linux-gnu --target=x86_64-linux-gnu
Thread model: posix
gcc version 7.2.0 (Ubuntu 7.2.0-8ubuntu3.2) 
configure:5179: $? = 0
configure:5168: gcc -V >&5
gcc: error: unrecognized command line option '-V'
gcc: fatal error: no input files
compilation terminated.
configure:5179: $? = 1
configure:5168: gcc -qversion >&5
gcc: error: unrecognized command line option '-qversion'; did you mean '--version'?
gcc: fatal error: no input files
compilation terminated.
configure:5179: $? = 1
configure:5183: checking whether we are using the GNU C compiler
configure:5211: result: yes
configure:5220: checking whether gcc accepts -g
configure:5281: result: yes
configure:5298: checking for gcc option to accept ISO C89
configure:5374: result: none needed
configure:5399: checking whether gcc understands -c and -o together
configure:5436: result: yes
configure:5455: checking dependency style of gcc
configure:5566: result: gcc3
configure:5585: checking for gcc option to accept ISO C99
configure:5734: gcc  -c -g -O2  conftest.c >&5
configure:5734: $? = 0
configure:5747: result: none needed
configure:5855: checking for gcc option to accept ISO Standard C
configure:5866: result: none needed
configure:5879: checking for gawk
configure:5906: result: mawk
configure:5917: checking whether make sets $(MAKE)
configure:5939: result: yes
configure:5952: checking for nproc
configure:5968: found /usr/bin/nproc
configure:5979: result: nproc
configure:5994: checking for getconf
configure:6010: found /usr/bin/getconf
configure:6021: result: getconf
configure:6092: checking how to print strings
configure:6119: result: printf
configure:6140: checking for a sed that does not truncate output
configure:6204: result: /bin/sed
configure:6222: checking for fgrep
configure:6284: result: /bin/grep -F
configure:6319: checking for ld used by gcc
configure:6386: result: /usr/bin/ld
configure:6393: checking if the linker (/usr/bin/ld) is GNU ld
configure:6408: result: yes
configure:6420: checking for BSD- or MS-compatible name lister (nm)
configure:6474: result: /usr/bin/nm -B
configure:6604: checking the name lister (/usr/bin/nm -B) interface
configure:6611: gcc -c -g -O2  conftest.c >&5
configure:6614: /usr/bin/nm -B "conftest.o"
configure:6617: output
0000000000000000 B some_variable
configure:6624: result: BSD nm
configure:6627: checking whether ln -s works
configure:6631: result: yes
configure:6639: checking the maximum length of command line arguments
configure:6770: result: 1572864
configure:6818: checking how to convert x86_64-pc-linux-gnu file names to x86_64-pc-linux-gnu format
configure:6858: result: func_convert_file_noop
configure:6865: checking how to convert x86_64-pc-linux-gnu file names to toolchain format
configure:6885: result: func_convert_file_noop
configure:6892: checking for /usr/bin/ld option to reload object files
configure:6899: result: -r
configure:6973: checking for objdump
configure:6989: found /usr/bin/objdump
configure:7000: result: objdump
configure:7032: checking how to recognize dependent libraries
configure:7232: result: pass_all
configure:7317: checking for dlltool
configure:7347: result: no
configure:7377: checking how to associate runtime and link libraries
configure:7404: result: printf %s\n
configure:7464: checking for ar
configure:7480: found /usr/bin/ar
configure:7491: result: ar
configure:7528: checking for archiver @FILE support
configure:7545: gcc -c -g -O2  conftest.c >&5
configure:7545: $? = 0
configure:7548: ar cru libconftest.a @conftest.lst >&5
ar: `u' modifier ignored since `D' is the default (see `U')
configure:7551: $? = 0
configure:7556: ar cru libconftest.a @conftest.lst >&5
ar: `u' modifier ignored since `D' is the default (see `U')
ar: conftest.o: No such file or directory
configure:7559: $? = 1
configure:7571: result: @
configure:7629: checking for strip
configure:7645: found /usr/bin/strip
configure:7656: result: strip
configure:7728: checking for ranlib
configure:7744: found /usr/bin/ranlib
configure:7755: result: ranlib
configure:7857: checking command to parse /usr/bin/nm -B output from gcc object
configure:8010: gcc -c -g -O2  conftest.c >&5
configure:8013: $? = 0
configure:8017: /usr/bin/nm -B conftest.o \| sed -n -e 's/^.*[ ]\([ABCDGIRSTW][ABCDGIRSTW]*\)[ ][ ]*\([_A-Za-z][_A-Za-z0-9]*\)$/\1 \2 \2/p' | sed '/ __gnu_lto/d' \> conftest.nm
configure:8020: $? = 0
configure:8086: gcc -o conftest -g -O2   conftest.c conftstm.o >&5
configure:8089: $? = 0
configure:8127: result: ok
configure:8174: checking for sysroot
configure:8204: result: no
configure:8211: checking for a working dd
configure:8249: result: /bin/dd
configure:8253: checking how to truncate binary pipes
configure:8268: result: /bin/dd bs=4096 count=1
configure:8404: gcc -c -g -O2  conftest.c >&5
configure:8407: $? = 0
configure:8597: checking for mt
configure:8613: found /bin/mt
configure:8624: result: mt
configure:8647: checking if mt is a manifest tool
configure:8653: mt '-?'
configure:8661: result: no
configure:9335: checking for dlfcn.h
configure:9335: gcc -c -g -O2  conftest.c >&5
configure:9335: $? = 0
configure:9335: result: yes
configure:9591: checking for objdir
configure:9606: result: .libs
configure:9870: checking if gcc supports -fno-rtti -fno-exceptions
configure:9888: gcc -c -g -O2  -fno-rtti -fno-exceptions conftest.c >&5
cc1: warning: command line option '-fno-rtti' is valid for C++/ObjC++ but not for C
configure:9892: $? = 0
configure:9905: result: no
configure:10263: checking for gcc option to produce PIC
configure:10270: result: -fPIC -DPIC
configure:10278: checking if gcc PIC flag -fPIC -DPIC works
configure:10296: gcc -c -g -O2  -fPIC -DPIC -DPIC conftest.c >&5
configure:10300: $? = 0
configure:10313: result: yes
configure:10342: checking if gcc static flag -static works
configure:10370: result: yes
configure:10385: checking if gcc supports -c -o file.o
configure:10406: gcc -c -g -O2  -o out/conftest2.o conftest.c >&5
configure:10410: $? = 0
configure:10432: result: yes
configure:10440: checking if gcc supports -c -o file.o
configure:10487: result: yes
configure:10520: checking whether the gcc linker (/usr/bin/ld -m elf_x86_64) supports shared libraries
configure:11783: result: yes
configure:11820: checking whether -lc should be explicitly linked in
configure:11828: gcc -c -g -O2  conftest.c >&5
configure:11831: $? = 0
configure:11846: gcc -shared  -fPIC -DPIC conftest.o  -v -Wl,-soname -Wl,conftest -o conftest 2\>\&1 \| /bin/grep  -lc  \>/dev/null 2\>\&1
configure:11849: $? = 0
configure:11863: result: no
configure:12023: checking dynamic linker characteristics
configure:12604: gcc -o conftest -g -O2   -Wl,-rpath -Wl,/foo conftest.c  >&5
configure:12604: $? = 0
configure:12853: result: GNU/Linux ld.so
configure:12975: checking how to hardcode library paths into programs
configure:13000: result: immediate
configure:13548: checking whether stripping libraries is possible
configure:13553: result: yes
configure:13588: checking if libtool supports shared libraries
configure:13590: result: yes
configure:13593: checking whether to build shared libraries
configure:13618: result: yes
configure:13621: checking whether to build static libraries
configure:13625: result: yes
configure:13664: checking for inline
configure:13680: gcc -c -g -O2  conftest.c >&5
configure:13680: $? = 0
configure:13688: result: inline
configure:13706: checking for pid_t
configure:13706: gcc -c -g -O2  conftest.c >&5
configure:13706: $? = 0
configure:13706: gcc -c -g -O2  conftest.c >&5
conftest.c: In function 'main':
conftest.c:66:20: error: expected expression before ')' token
 if (sizeof ((pid_t)))
                    ^
configure:13706: $? = 1
configure: failed program was:
| /* confdefs.h */
| #define PACKAGE_NAME "userspace-rcu"
| #define PACKAGE_TARNAME "userspace-rcu"
| #define PACKAGE_VERSION "0.11.0-pre"
| #define PACKAGE_STRING "userspace-rcu 0.11.0-pre"
| #define PACKAGE_BUGREPORT "mathieu dot desnoyers at efficios dot com"
| #define PACKAGE_URL "http://liburcu.org/"
| #define PACKAGE "userspace-rcu"
| #define VERSION "0.11.0-pre"
| #define TLS __thread
| #define CONFIG_RCU_TLS __thread
| #define STDC_HEADERS 1
| #define HAVE_SYS_TYPES_H 1
| #define HAVE_SYS_STAT_H 1
| #define HAVE_STDLIB_H 1
| #define HAVE_STRING_H 1
| #define HAVE_MEMORY_H 1
| #define HAVE_STRINGS_H 1
| #define HAVE_INTTYPES_H 1
| #define HAVE_STDINT_H 1
| #define HAVE_UNISTD_H 1
| #define __EXTENSIONS__ 1
| #define _ALL_SOURCE 1
| #define _GNU_SOURCE 1
| #define _POSIX_PTHREAD_SEMANTICS 1
| #define _TANDEM_SOURCE 1
| #define HAVE_DLFCN_H 1
| #define LT_OBJDIR ".libs/"
| /* end confdefs.h.  */
| #include <stdio.h>
| #ifdef HAVE_SYS_TYPES_H
| # include <sys/types.h>
| #endif
| #ifdef HAVE_SYS_STAT_H
| # include <sys/stat.h>
| #endif
| #ifdef STDC_HEADERS
| # include <stdlib.h>
| # include <stddef.h>
| #else
| # ifdef HAVE_STDLIB_H
| #  include <stdlib.h>
| # endif
| #endif
| #ifdef HAVE_STRING_H
| # if !defined STDC_HEADERS && defined HAVE_MEMORY_H
| #  include <memory.h>
| # endif
| # include <string.h>
| #endif
| #ifdef HAVE_STRINGS_H
| # include <strings.h>
| #endif
| #ifdef HAVE_INTTYPES_H
| # include <inttypes.h>
| #endif
| #ifdef HAVE_STDINT_H
| # include <stdint.h>
| #endif
| #ifdef HAVE_UNISTD_H
| # include <unistd.h>
| #endif
| int
| main ()
| {
| if (sizeof ((pid_t)))
| 	    return 0;
|   ;
|   return 0;
| }
configure:13706: result: yes
configure:13717: checking for size_t
configure:13717: gcc -c -g -O2  conftest.c >&5
configure:13717: $? = 0
configure:13717: gcc -c -g -O2  conftest.c >&5
conftest.c: In function 'main':
conftest.c:66:21: error: expected expression before ')' token
 if (sizeof ((size_t)))
                     ^
configure:13717: $? = 1
configure: failed program was:
| /* confdefs.h */
| #define PACKAGE_NAME "userspace-rcu"
| #define PACKAGE_TARNAME "userspace-rcu"
| #define PACKAGE_VERSION "0.11.0-pre"
| #define PACKAGE_STRING "userspace-rcu 0.11.0-pre"
| #define PACKAGE_BUGREPORT "mathieu dot desnoyers at efficios dot com"
| #define PACKAGE_URL "http://liburcu.org/"
| #define PACKAGE "userspace-rcu"
| #define VERSION "0.11.0-pre"
| #define TLS __thread
| #define CONFIG_RCU_TLS __thread
| #define STDC_HEADERS 1
| #define HAVE_SYS_TYPES_H 1
| #define HAVE_SYS_STAT_H 1
| #define HAVE_STDLIB_H 1
| #define HAVE_STRING_H 1
| #define HAVE_MEMORY_H 1
| #define HAVE_STRINGS_H 1
| #define HAVE_INTTYPES_H 1
| #define HAVE_STDINT_H 1
| #define HAVE_UNISTD_H 1
| #define __EXTENSIONS__ 1
| #define _ALL_SOURCE 1
| #define _GNU_SOURCE 1
| #define _POSIX_PTHREAD_SEMANTICS 1
| #define _TANDEM_SOURCE 1
| #define HAVE_DLFCN_H 1
| #define LT_OBJDIR ".libs/"
| /* end confdefs.h.  */
| #include <stdio.h>
| #ifdef HAVE_SYS_TYPES_H
| # include <sys/types.h>
| #endif
| #ifdef HAVE_SYS_STAT_H
| # include <sys/stat.h>
| #endif
| #ifdef STDC_HEADERS
| # include <stdlib.h>
| # include <stddef.h>
| #else
| # ifdef HAVE_STDLIB_H
| #  include <stdlib.h>
| # endif
| #endif
| #ifdef HAVE_STRING_H
| # if !defined STDC_HEADERS && defined HAVE_MEMORY_H
| #  include <memory.h>
| # endif
| # include <string.h>
| #endif
| #ifdef HAVE_STRINGS_H
| # include <strings.h>
| #endif
| #ifdef HAVE_INTTYPES_H
| # include <inttypes.h>
| #endif
| #ifdef HAVE_STDINT_H
| # include <stdint.h>
| #endif
| #ifdef HAVE_UNISTD_H
| # include <unistd.h>
| #endif
| int
| main ()
| {
| if (sizeof ((size_t)))
| 	    return 0;
|   ;
|   return 0;
| }
configure:13717: result: yes
configure:13728: checking for ssize_t
configure:13728: gcc -c -g -O2  conftest.c >&5
configure:13728: $? = 0
configure:13728: gcc -c -g -O2  conftest.c >&5
conftest.c: In function 'main':
conftest.c:66:22: error: expected expression before ')' token
 if (sizeof ((ssize_t)))
                      ^
configure:13728: $? = 1
configure: failed program was:
| /* confdefs.h */
| #define PACKAGE_NAME "userspace-rcu"
| #define PACKAGE_TARNAME "userspace-rcu"
| #define PACKAGE_VERSION "0.11.0-pre"
| #define PACKAGE_STRING "userspace-rcu 0.11.0-pre"
| #define PACKAGE_BUGREPORT "mathieu dot desnoyers at efficios dot com"
| #define PACKAGE_URL "http://liburcu.org/"
| #define PACKAGE "userspace-rcu"
| #define VERSION "0.11.0-pre"
| #define TLS __thread
| #define CONFIG_RCU_TLS __thread
| #define STDC_HEADERS 1
| #define HAVE_SYS_TYPES_H 1
| #define HAVE_SYS_STAT_H 1
| #define HAVE_STDLIB_H 1
| #define HAVE_STRING_H 1
| #define HAVE_MEMORY_H 1
| #define HAVE_STRINGS_H 1
| #define HAVE_INTTYPES_H 1
| #define HAVE_STDINT_H 1
| #define HAVE_UNISTD_H 1
| #define __EXTENSIONS__ 1
| #define _ALL_SOURCE 1
| #define _GNU_SOURCE 1
| #define _POSIX_PTHREAD_SEMANTICS 1
| #define _TANDEM_SOURCE 1
| #define HAVE_DLFCN_H 1
| #define LT_OBJDIR ".libs/"
| /* end confdefs.h.  */
| #include <stdio.h>
| #ifdef HAVE_SYS_TYPES_H
| # include <sys/types.h>
| #endif
| #ifdef HAVE_SYS_STAT_H
| # include <sys/stat.h>
| #endif
| #ifdef STDC_HEADERS
| # include <stdlib.h>
| # include <stddef.h>
| #else
| # ifdef HAVE_STDLIB_H
| #  include <stdlib.h>
| # endif
| #endif
| #ifdef HAVE_STRING_H
| # if !defined STDC_HEADERS && defined HAVE_MEMORY_H
| #  include <memory.h>
| # endif
| # include <string.h>
| #endif
| #ifdef HAVE_STRINGS_H
| # include <strings.h>
| #endif
| #ifdef HAVE_INTTYPES_H
| # include <inttypes.h>
| #endif
| #ifdef HAVE_STDINT_H
| # include <stdint.h>
| #endif
| #ifdef HAVE_UNISTD_H
| # include <unistd.h>
| #endif
| int
| main ()
| {
| if (sizeof ((ssize_t)))
| 	    return 0;
|   ;
|   return 0;
| }
configure:13728: result: yes
configure:13739: checking for uint16_t
configure:13739: gcc -c -g -O2  conftest.c >&5
configure:13739: $? = 0
configure:13739: result: yes
configure:13751: checking for int32_t
configure:13751: gcc -c -g -O2  conftest.c >&5
configure:13751: $? = 0
configure:13751: gcc -c -g -O2  conftest.c >&5
conftest.c: In function 'main':
conftest.c:68:53: warning: integer overflow in expression [-Woverflow]
    < (int32_t) (((((int32_t) 1 << N) << N) - 1) * 2 + 2))];
                                                     ^
conftest.c:67:12: error: storage size of 'test_array' isn't constant
 static int test_array [1 - 2 * !((int32_t) (((((int32_t) 1 << N) << N) - 1) * 2 + 1)
            ^~~~~~~~~~
configure:13751: $? = 1
configure: failed program was:
| /* confdefs.h */
| #define PACKAGE_NAME "userspace-rcu"
| #define PACKAGE_TARNAME "userspace-rcu"
| #define PACKAGE_VERSION "0.11.0-pre"
| #define PACKAGE_STRING "userspace-rcu 0.11.0-pre"
| #define PACKAGE_BUGREPORT "mathieu dot desnoyers at efficios dot com"
| #define PACKAGE_URL "http://liburcu.org/"
| #define PACKAGE "userspace-rcu"
| #define VERSION "0.11.0-pre"
| #define TLS __thread
| #define CONFIG_RCU_TLS __thread
| #define STDC_HEADERS 1
| #define HAVE_SYS_TYPES_H 1
| #define HAVE_SYS_STAT_H 1
| #define HAVE_STDLIB_H 1
| #define HAVE_STRING_H 1
| #define HAVE_MEMORY_H 1
| #define HAVE_STRINGS_H 1
| #define HAVE_INTTYPES_H 1
| #define HAVE_STDINT_H 1
| #define HAVE_UNISTD_H 1
| #define __EXTENSIONS__ 1
| #define _ALL_SOURCE 1
| #define _GNU_SOURCE 1
| #define _POSIX_PTHREAD_SEMANTICS 1
| #define _TANDEM_SOURCE 1
| #define HAVE_DLFCN_H 1
| #define LT_OBJDIR ".libs/"
| /* end confdefs.h.  */
| #include <stdio.h>
| #ifdef HAVE_SYS_TYPES_H
| # include <sys/types.h>
| #endif
| #ifdef HAVE_SYS_STAT_H
| # include <sys/stat.h>
| #endif
| #ifdef STDC_HEADERS
| # include <stdlib.h>
| # include <stddef.h>
| #else
| # ifdef HAVE_STDLIB_H
| #  include <stdlib.h>
| # endif
| #endif
| #ifdef HAVE_STRING_H
| # if !defined STDC_HEADERS && defined HAVE_MEMORY_H
| #  include <memory.h>
| # endif
| # include <string.h>
| #endif
| #ifdef HAVE_STRINGS_H
| # include <strings.h>
| #endif
| #ifdef HAVE_INTTYPES_H
| # include <inttypes.h>
| #endif
| #ifdef HAVE_STDINT_H
| # include <stdint.h>
| #endif
| #ifdef HAVE_UNISTD_H
| # include <unistd.h>
| #endif
| 	        enum { N = 32 / 2 - 1 };
| int
| main ()
| {
| static int test_array [1 - 2 * !((int32_t) (((((int32_t) 1 << N) << N) - 1) * 2 + 1)
| 		 < (int32_t) (((((int32_t) 1 << N) << N) - 1) * 2 + 2))];
| test_array [0] = 0;
| return test_array [0];
| 
|   ;
|   return 0;
| }
configure:13751: result: yes
configure:13762: checking for uint32_t
configure:13762: gcc -c -g -O2  conftest.c >&5
configure:13762: $? = 0
configure:13762: result: yes
configure:13776: checking for uint64_t
configure:13776: gcc -c -g -O2  conftest.c >&5
configure:13776: $? = 0
configure:13776: result: yes
configure:13790: checking for uint8_t
configure:13790: gcc -c -g -O2  conftest.c >&5
configure:13790: $? = 0
configure:13790: result: yes
configure:13806: checking for __attribute__
configure:13828: gcc -c -g -O2  conftest.c >&5
configure:13828: $? = 0
configure:13837: result: yes
configure:14034: checking whether gcc is Clang
configure:14059: result: no
configure:14182: checking whether pthreads work with -pthread
configure:14276: gcc -o conftest -g -O2 -pthread   conftest.c   >&5
configure:14276: $? = 0
configure:14285: result: yes
configure:14304: checking for joinable pthread attribute
configure:14322: gcc -o conftest -g -O2 -pthread   conftest.c   >&5
configure:14322: $? = 0
configure:14330: result: PTHREAD_CREATE_JOINABLE
configure:14344: checking whether more special flags are required for pthreads
configure:14357: result: no
configure:14365: checking for PTHREAD_PRIO_INHERIT
configure:14381: gcc -o conftest -g -O2 -pthread   conftest.c   >&5
configure:14381: $? = 0
configure:14390: result: yes
configure:14502: checking for stdlib.h
configure:14502: result: yes
configure:14502: checking for unistd.h
configure:14502: result: yes
configure:14502: checking for sys/param.h
configure:14502: gcc -c -g -O2  conftest.c >&5
configure:14502: $? = 0
configure:14502: result: yes
configure:14522: checking for getpagesize
configure:14522: gcc -o conftest -g -O2   conftest.c  >&5
configure:14522: $? = 0
configure:14522: result: yes
configure:14531: checking for working mmap
configure:14680: gcc -o conftest -g -O2   conftest.c  >&5
configure:14680: $? = 0
configure:14680: ./conftest
configure:14680: $? = 0
configure:14690: result: yes
configure:14701: checking vfork.h usability
configure:14701: gcc -c -g -O2  conftest.c >&5
conftest.c:71:10: fatal error: vfork.h: No such file or directory
 #include <vfork.h>
          ^~~~~~~~~
compilation terminated.
configure:14701: $? = 1
configure: failed program was:
| /* confdefs.h */
| #define PACKAGE_NAME "userspace-rcu"
| #define PACKAGE_TARNAME "userspace-rcu"
| #define PACKAGE_VERSION "0.11.0-pre"
| #define PACKAGE_STRING "userspace-rcu 0.11.0-pre"
| #define PACKAGE_BUGREPORT "mathieu dot desnoyers at efficios dot com"
| #define PACKAGE_URL "http://liburcu.org/"
| #define PACKAGE "userspace-rcu"
| #define VERSION "0.11.0-pre"
| #define TLS __thread
| #define CONFIG_RCU_TLS __thread
| #define STDC_HEADERS 1
| #define HAVE_SYS_TYPES_H 1
| #define HAVE_SYS_STAT_H 1
| #define HAVE_STDLIB_H 1
| #define HAVE_STRING_H 1
| #define HAVE_MEMORY_H 1
| #define HAVE_STRINGS_H 1
| #define HAVE_INTTYPES_H 1
| #define HAVE_STDINT_H 1
| #define HAVE_UNISTD_H 1
| #define __EXTENSIONS__ 1
| #define _ALL_SOURCE 1
| #define _GNU_SOURCE 1
| #define _POSIX_PTHREAD_SEMANTICS 1
| #define _TANDEM_SOURCE 1
| #define HAVE_DLFCN_H 1
| #define LT_OBJDIR ".libs/"
| #define HAVE___ATTRIBUTE__ 1
| #define HAVE_PTHREAD_PRIO_INHERIT 1
| #define HAVE_PTHREAD 1
| #define HAVE_STDLIB_H 1
| #define HAVE_UNISTD_H 1
| #define HAVE_SYS_PARAM_H 1
| #define HAVE_GETPAGESIZE 1
| #define HAVE_MMAP 1
| /* end confdefs.h.  */
| #include <stdio.h>
| #ifdef HAVE_SYS_TYPES_H
| # include <sys/types.h>
| #endif
| #ifdef HAVE_SYS_STAT_H
| # include <sys/stat.h>
| #endif
| #ifdef STDC_HEADERS
| # include <stdlib.h>
| # include <stddef.h>
| #else
| # ifdef HAVE_STDLIB_H
| #  include <stdlib.h>
| # endif
| #endif
| #ifdef HAVE_STRING_H
| # if !defined STDC_HEADERS && defined HAVE_MEMORY_H
| #  include <memory.h>
| # endif
| # include <string.h>
| #endif
| #ifdef HAVE_STRINGS_H
| # include <strings.h>
| #endif
| #ifdef HAVE_INTTYPES_H
| # include <inttypes.h>
| #endif
| #ifdef HAVE_STDINT_H
| # include <stdint.h>
| #endif
| #ifdef HAVE_UNISTD_H
| # include <unistd.h>
| #endif
| #include <vfork.h>
configure:14701: result: no
configure:14701: checking vfork.h presence
configure:14701: gcc -E  conftest.c
conftest.c:38:10: fatal error: vfork.h: No such file or directory
 #include <vfork.h>
          ^~~~~~~~~
compilation terminated.
configure:14701: $? = 1
configure: failed program was:
| /* confdefs.h */
| #define PACKAGE_NAME "userspace-rcu"
| #define PACKAGE_TARNAME "userspace-rcu"
| #define PACKAGE_VERSION "0.11.0-pre"
| #define PACKAGE_STRING "userspace-rcu 0.11.0-pre"
| #define PACKAGE_BUGREPORT "mathieu dot desnoyers at efficios dot com"
| #define PACKAGE_URL "http://liburcu.org/"
| #define PACKAGE "userspace-rcu"
| #define VERSION "0.11.0-pre"
| #define TLS __thread
| #define CONFIG_RCU_TLS __thread
| #define STDC_HEADERS 1
| #define HAVE_SYS_TYPES_H 1
| #define HAVE_SYS_STAT_H 1
| #define HAVE_STDLIB_H 1
| #define HAVE_STRING_H 1
| #define HAVE_MEMORY_H 1
| #define HAVE_STRINGS_H 1
| #define HAVE_INTTYPES_H 1
| #define HAVE_STDINT_H 1
| #define HAVE_UNISTD_H 1
| #define __EXTENSIONS__ 1
| #define _ALL_SOURCE 1
| #define _GNU_SOURCE 1
| #define _POSIX_PTHREAD_SEMANTICS 1
| #define _TANDEM_SOURCE 1
| #define HAVE_DLFCN_H 1
| #define LT_OBJDIR ".libs/"
| #define HAVE___ATTRIBUTE__ 1
| #define HAVE_PTHREAD_PRIO_INHERIT 1
| #define HAVE_PTHREAD 1
| #define HAVE_STDLIB_H 1
| #define HAVE_UNISTD_H 1
| #define HAVE_SYS_PARAM_H 1
| #define HAVE_GETPAGESIZE 1
| #define HAVE_MMAP 1
| /* end confdefs.h.  */
| #include <vfork.h>
configure:14701: result: no
configure:14701: checking for vfork.h
configure:14701: result: no
configure:14714: checking for fork
configure:14714: gcc -o conftest -g -O2   conftest.c  >&5
conftest.c:61:6: warning: conflicting types for built-in function 'fork' [-Wbuiltin-declaration-mismatch]
 char fork ();
      ^~~~
configure:14714: $? = 0
configure:14714: result: yes
configure:14714: checking for vfork
configure:14714: gcc -o conftest -g -O2   conftest.c  >&5
configure:14714: $? = 0
configure:14714: result: yes
configure:14724: checking for working fork
configure:14746: gcc -o conftest -g -O2   conftest.c  >&5
configure:14746: $? = 0
configure:14746: ./conftest
configure:14746: $? = 0
configure:14756: result: yes
configure:14777: checking for working vfork
configure:14887: result: yes
configure:14928: checking for atexit
configure:14928: gcc -o conftest -g -O2   conftest.c  >&5
configure:14928: $? = 0
configure:14928: result: yes
configure:14928: checking for getcpuid
configure:14928: gcc -o conftest -g -O2   conftest.c  >&5
/tmp/ccoW9KPt.o: In function `main':
/home/sujeo/Programming/COP4520/Relativistic-red-black-trees/userspace-rcu-master/conftest.c:77: undefined reference to `getcpuid'
collect2: error: ld returned 1 exit status
configure:14928: $? = 1
configure: failed program was:
| /* confdefs.h */
| #define PACKAGE_NAME "userspace-rcu"
| #define PACKAGE_TARNAME "userspace-rcu"
| #define PACKAGE_VERSION "0.11.0-pre"
| #define PACKAGE_STRING "userspace-rcu 0.11.0-pre"
| #define PACKAGE_BUGREPORT "mathieu dot desnoyers at efficios dot com"
| #define PACKAGE_URL "http://liburcu.org/"
| #define PACKAGE "userspace-rcu"
| #define VERSION "0.11.0-pre"
| #define TLS __thread
| #define CONFIG_RCU_TLS __thread
| #define STDC_HEADERS 1
| #define HAVE_SYS_TYPES_H 1
| #define HAVE_SYS_STAT_H 1
| #define HAVE_STDLIB_H 1
| #define HAVE_STRING_H 1
| #define HAVE_MEMORY_H 1
| #define HAVE_STRINGS_H 1
| #define HAVE_INTTYPES_H 1
| #define HAVE_STDINT_H 1
| #define HAVE_UNISTD_H 1
| #define __EXTENSIONS__ 1
| #define _ALL_SOURCE 1
| #define _GNU_SOURCE 1
| #define _POSIX_PTHREAD_SEMANTICS 1
| #define _TANDEM_SOURCE 1
| #define HAVE_DLFCN_H 1
| #define LT_OBJDIR ".libs/"
| #define HAVE___ATTRIBUTE__ 1
| #define HAVE_PTHREAD_PRIO_INHERIT 1
| #define HAVE_PTHREAD 1
| #define HAVE_STDLIB_H 1
| #define HAVE_UNISTD_H 1
| #define HAVE_SYS_PARAM_H 1
| #define HAVE_GETPAGESIZE 1
| #define HAVE_MMAP 1
| #define HAVE_FORK 1
| #define HAVE_VFORK 1
| #define HAVE_WORKING_VFORK 1
| #define HAVE_WORKING_FORK 1
| #define HAVE_ATEXIT 1
| /* end confdefs.h.  */
| /* Define getcpuid to an innocuous variant, in case <limits.h> declares getcpuid.
|    For example, HP-UX 11i <limits.h> declares gettimeofday.  */
| #define getcpuid innocuous_getcpuid
| 
| /* System header to define __stub macros and hopefully few prototypes,
|     which can conflict with char getcpuid (); below.
|     Prefer <limits.h> to <assert.h> if __STDC__ is defined, since
|     <limits.h> exists even on freestanding compilers.  */
| 
| #ifdef __STDC__
| # include <limits.h>
| #else
| # include <assert.h>
| #endif
| 
| #undef getcpuid
| 
| /* Override any GCC internal prototype to avoid an error.
|    Use char because int might match the return type of a GCC
|    builtin and then its argument prototype would still apply.  */
| #ifdef __cplusplus
| extern "C"
| #endif
| char getcpuid ();
| /* The GNU C library defines this for functions which it implements
|     to always fail with ENOSYS.  Some functions are actually named
|     something starting with __ and the normal name is an alias.  */
| #if defined __stub_getcpuid || defined __stub___getcpuid
| choke me
| #endif
| 
| int
| main ()
| {
| return getcpuid ();
|   ;
|   return 0;
| }
configure:14928: result: no
configure:14928: checking for gettid
configure:14928: gcc -o conftest -g -O2   conftest.c  >&5
/tmp/ccprkE4w.o: In function `main':
/home/sujeo/Programming/COP4520/Relativistic-red-black-trees/userspace-rcu-master/conftest.c:77: undefined reference to `gettid'
collect2: error: ld returned 1 exit status
configure:14928: $? = 1
configure: failed program was:
| /* confdefs.h */
| #define PACKAGE_NAME "userspace-rcu"
| #define PACKAGE_TARNAME "userspace-rcu"
| #define PACKAGE_VERSION "0.11.0-pre"
| #define PACKAGE_STRING "userspace-rcu 0.11.0-pre"
| #define PACKAGE_BUGREPORT "mathieu dot desnoyers at efficios dot com"
| #define PACKAGE_URL "http://liburcu.org/"
| #define PACKAGE "userspace-rcu"
| #define VERSION "0.11.0-pre"
| #define TLS __thread
| #define CONFIG_RCU_TLS __thread
| #define STDC_HEADERS 1
| #define HAVE_SYS_TYPES_H 1
| #define HAVE_SYS_STAT_H 1
| #define HAVE_STDLIB_H 1
| #define HAVE_STRING_H 1
| #define HAVE_MEMORY_H 1
| #define HAVE_STRINGS_H 1
| #define HAVE_INTTYPES_H 1
| #define HAVE_STDINT_H 1
| #define HAVE_UNISTD_H 1
| #define __EXTENSIONS__ 1
| #define _ALL_SOURCE 1
| #define _GNU_SOURCE 1
| #define _POSIX_PTHREAD_SEMANTICS 1
| #define _TANDEM_SOURCE 1
| #define HAVE_DLFCN_H 1
| #define LT_OBJDIR ".libs/"
| #define HAVE___ATTRIBUTE__ 1
| #define HAVE_PTHREAD_PRIO_INHERIT 1
| #define HAVE_PTHREAD 1
| #define HAVE_STDLIB_H 1
| #define HAVE_UNISTD_H 1
| #define HAVE_SYS_PARAM_H 1
| #define HAVE_GETPAGESIZE 1
| #define HAVE_MMAP 1
| #define HAVE_FORK 1
| #define HAVE_VFORK 1
| #define HAVE_WORKING_VFORK 1
| #define HAVE_WORKING_FORK 1
| #define HAVE_ATEXIT 1
| /* end confdefs.h.  */
| /* Define gettid to an innocuous variant, in case <limits.h> declares gettid.
|    For example, HP-UX 11i <limits.h> declares gettimeofday.  */
| #define gettid innocuous_gettid
| 
| /* System header to define __stub macros and hopefully few prototypes,
|     which can conflict with char gettid (); below.
|     Prefer <limits.h> to <assert.h> if __STDC__ is defined, since
|     <limits.h> exists even on freestanding compilers.  */
| 
| #ifdef __STDC__
| # include <limits.h>
| #else
| # include <assert.h>
| #endif
| 
| #undef gettid
| 
| /* Override any GCC internal prototype to avoid an error.
|    Use char because int might match the return type of a GCC
|    builtin and then its argument prototype would still apply.  */
| #ifdef __cplusplus
| extern "C"
| #endif
| char gettid ();
| /* The GNU C library defines this for functions which it implements
|     to always fail with ENOSYS.  Some functions are actually named
|     something starting with __ and the normal name is an alias.  */
| #if defined __stub_gettid || defined __stub___gettid
| choke me
| #endif
| 
| int
| main ()
| {
| return gettid ();
|   ;
|   return 0;
| }
configure:14928: result: no
configure:14928: checking for gettimeofday
configure:14928: gcc -o conftest -g -O2   conftest.c  >&5
configure:14928: $? = 0
configure:14928: result: yes
configure:14928: checking for memeset
configure:14928: gcc -o conftest -g -O2   conftest.c  >&5
/tmp/cczd9LIA.o: In function `main':
/home/sujeo/Programming/COP4520/Relativistic-red-black-trees/userspace-rcu-master/conftest.c:78: undefined reference to `memeset'
collect2: error: ld returned 1 exit status
configure:14928: $? = 1
configure: failed program was:
| /* confdefs.h */
| #define PACKAGE_NAME "userspace-rcu"
| #define PACKAGE_TARNAME "userspace-rcu"
| #define PACKAGE_VERSION "0.11.0-pre"
| #define PACKAGE_STRING "userspace-rcu 0.11.0-pre"
| #define PACKAGE_BUGREPORT "mathieu dot desnoyers at efficios dot com"
| #define PACKAGE_URL "http://liburcu.org/"
| #define PACKAGE "userspace-rcu"
| #define VERSION "0.11.0-pre"
| #define TLS __thread
| #define CONFIG_RCU_TLS __thread
| #define STDC_HEADERS 1
| #define HAVE_SYS_TYPES_H 1
| #define HAVE_SYS_STAT_H 1
| #define HAVE_STDLIB_H 1
| #define HAVE_STRING_H 1
| #define HAVE_MEMORY_H 1
| #define HAVE_STRINGS_H 1
| #define HAVE_INTTYPES_H 1
| #define HAVE_STDINT_H 1
| #define HAVE_UNISTD_H 1
| #define __EXTENSIONS__ 1
| #define _ALL_SOURCE 1
| #define _GNU_SOURCE 1
| #define _POSIX_PTHREAD_SEMANTICS 1
| #define _TANDEM_SOURCE 1
| #define HAVE_DLFCN_H 1
| #define LT_OBJDIR ".libs/"
| #define HAVE___ATTRIBUTE__ 1
| #define HAVE_PTHREAD_PRIO_INHERIT 1
| #define HAVE_PTHREAD 1
| #define HAVE_STDLIB_H 1
| #define HAVE_UNISTD_H 1
| #define HAVE_SYS_PARAM_H 1
| #define HAVE_GETPAGESIZE 1
| #define HAVE_MMAP 1
| #define HAVE_FORK 1
| #define HAVE_VFORK 1
| #define HAVE_WORKING_VFORK 1
| #define HAVE_WORKING_FORK 1
| #define HAVE_ATEXIT 1
| #define HAVE_GETTIMEOFDAY 1
| /* end confdefs.h.  */
| /* Define memeset to an innocuous variant, in case <limits.h> declares memeset.
|    For example, HP-UX 11i <limits.h> declares gettimeofday.  */
| #define memeset innocuous_memeset
| 
| /* System header to define __stub macros and hopefully few prototypes,
|     which can conflict with char memeset (); below.
|     Prefer <limits.h> to <assert.h> if __STDC__ is defined, since
|     <limits.h> exists even on freestanding compilers.  */
| 
| #ifdef __STDC__
| # include <limits.h>
| #else
| # include <assert.h>
| #endif
| 
| #undef memeset
| 
| /* Override any GCC internal prototype to avoid an error.
|    Use char because int might match the return type of a GCC
|    builtin and then its argument prototype would still apply.  */
| #ifdef __cplusplus
| extern "C"
| #endif
| char memeset ();
| /* The GNU C library defines this for functions which it implements
|     to always fail with ENOSYS.  Some functions are actually named
|     something starting with __ and the normal name is an alias.  */
| #if defined __stub_memeset || defined __stub___memeset
| choke me
| #endif
| 
| int
| main ()
| {
| return memeset ();
|   ;
|   return 0;
| }
configure:14928: result: no
configure:14928: checking for memset
configure:14928: gcc -o conftest -g -O2   conftest.c  >&5
conftest.c:67:6: warning: conflicting types for built-in function 'memset' [-Wbuiltin-declaration-mismatch]
 char memset ();
      ^~~~~~
configure:14928: $? = 0
configure:14928: result: yes
configure:14928: checking for munmap
configure:14928: gcc -o conftest -g -O2   conftest.c  >&5
configure:14928: $? = 0
configure:14928: result: yes
configure:14928: checking for rand_r
configure:14928: gcc -o conftest -g -O2   conftest.c  >&5
configure:14928: $? = 0
configure:14928: result: yes
configure:14928: checking for sched_getcpu
configure:14928: gcc -o conftest -g -O2   conftest.c  >&5
configure:14928: $? = 0
configure:14928: result: yes
configure:14928: checking for strerror
configure:14928: gcc -o conftest -g -O2   conftest.c  >&5
configure:14928: $? = 0
configure:14928: result: yes
configure:14928: checking for strtoul
configure:14928: gcc -o conftest -g -O2   conftest.c  >&5
configure:14928: $? = 0
configure:14928: result: yes
configure:14928: checking for sysconf
configure:14928: gcc -o conftest -g -O2   conftest.c  >&5
configure:14928: $? = 0
configure:14928: result: yes
configure:14942: checking for stdbool.h that conforms to C99
configure:15009: gcc -c -g -O2  conftest.c >&5
configure:15009: $? = 0
configure:15016: result: yes
configure:15018: checking for _Bool
configure:15018: gcc -c -g -O2  conftest.c >&5
configure:15018: $? = 0
configure:15018: gcc -c -g -O2  conftest.c >&5
conftest.c: In function 'main':
conftest.c:87:20: error: expected expression before ')' token
 if (sizeof ((_Bool)))
                    ^
configure:15018: $? = 1
configure: failed program was:
| /* confdefs.h */
| #define PACKAGE_NAME "userspace-rcu"
| #define PACKAGE_TARNAME "userspace-rcu"
| #define PACKAGE_VERSION "0.11.0-pre"
| #define PACKAGE_STRING "userspace-rcu 0.11.0-pre"
| #define PACKAGE_BUGREPORT "mathieu dot desnoyers at efficios dot com"
| #define PACKAGE_URL "http://liburcu.org/"
| #define PACKAGE "userspace-rcu"
| #define VERSION "0.11.0-pre"
| #define TLS __thread
| #define CONFIG_RCU_TLS __thread
| #define STDC_HEADERS 1
| #define HAVE_SYS_TYPES_H 1
| #define HAVE_SYS_STAT_H 1
| #define HAVE_STDLIB_H 1
| #define HAVE_STRING_H 1
| #define HAVE_MEMORY_H 1
| #define HAVE_STRINGS_H 1
| #define HAVE_INTTYPES_H 1
| #define HAVE_STDINT_H 1
| #define HAVE_UNISTD_H 1
| #define __EXTENSIONS__ 1
| #define _ALL_SOURCE 1
| #define _GNU_SOURCE 1
| #define _POSIX_PTHREAD_SEMANTICS 1
| #define _TANDEM_SOURCE 1
| #define HAVE_DLFCN_H 1
| #define LT_OBJDIR ".libs/"
| #define HAVE___ATTRIBUTE__ 1
| #define HAVE_PTHREAD_PRIO_INHERIT 1
| #define HAVE_PTHREAD 1
| #define HAVE_STDLIB_H 1
| #define HAVE_UNISTD_H 1
| #define HAVE_SYS_PARAM_H 1
| #define HAVE_GETPAGESIZE 1
| #define HAVE_MMAP 1
| #define HAVE_FORK 1
| #define HAVE_VFORK 1
| #define HAVE_WORKING_VFORK 1
| #define HAVE_WORKING_FORK 1
| #define HAVE_ATEXIT 1
| #define HAVE_GETTIMEOFDAY 1
| #define HAVE_MEMSET 1
| #define HAVE_MUNMAP 1
| #define HAVE_RAND_R 1
| #define HAVE_SCHED_GETCPU 1
| #define HAVE_STRERROR 1
| #define HAVE_STRTOUL 1
| #define HAVE_SYSCONF 1
| /* end confdefs.h.  */
| #include <stdio.h>
| #ifdef HAVE_SYS_TYPES_H
| # include <sys/types.h>
| #endif
| #ifdef HAVE_SYS_STAT_H
| # include <sys/stat.h>
| #endif
| #ifdef STDC_HEADERS
| # include <stdlib.h>
| # include <stddef.h>
| #else
| # ifdef HAVE_STDLIB_H
| #  include <stdlib.h>
| # endif
| #endif
| #ifdef HAVE_STRING_H
| # if !defined STDC_HEADERS && defined HAVE_MEMORY_H
| #  include <memory.h>
| # endif
| # include <string.h>
| #endif
| #ifdef HAVE_STRINGS_H
| # include <strings.h>
| #endif
| #ifdef HAVE_INTTYPES_H
| # include <inttypes.h>
| #endif
| #ifdef HAVE_STDINT_H
| # include <stdint.h>
| #endif
| #ifdef HAVE_UNISTD_H
| # include <unistd.h>
| #endif
| int
| main ()
| {
| if (sizeof ((_Bool)))
| 	    return 0;
|   ;
|   return 0;
| }
configure:15018: result: yes
configure:15043: checking limits.h usability
configure:15043: gcc -c -g -O2  conftest.c >&5
configure:15043: $? = 0
configure:15043: result: yes
configure:15043: checking limits.h presence
configure:15043: gcc -E  conftest.c
configure:15043: $? = 0
configure:15043: result: yes
configure:15043: checking for limits.h
configure:15043: result: yes
configure:15043: checking stddef.h usability
configure:15043: gcc -c -g -O2  conftest.c >&5
configure:15043: $? = 0
configure:15043: result: yes
configure:15043: checking stddef.h presence
configure:15043: gcc -E  conftest.c
configure:15043: $? = 0
configure:15043: result: yes
configure:15043: checking for stddef.h
configure:15043: result: yes
configure:15043: checking for sys/param.h
configure:15043: result: yes
configure:15043: checking sys/time.h usability
configure:15043: gcc -c -g -O2  conftest.c >&5
configure:15043: $? = 0
configure:15043: result: yes
configure:15043: checking sys/time.h presence
configure:15043: gcc -E  conftest.c
configure:15043: $? = 0
configure:15043: result: yes
configure:15043: checking for sys/time.h
configure:15043: result: yes
configure:15228: checking if architecture really supports the mfence instruction
configure:15238: result: yes
configure:15255: checking for sys_futex()
configure:15267: gcc -c -g -O2  conftest.c >&5
configure:15267: $? = 0
configure:15269: result: yes
configure:15285: checking for library containing clock_gettime
configure:15316: gcc -o conftest -g -O2   conftest.c  >&5
configure:15316: $? = 0
configure:15333: result: none required
configure:15423: checking for cpu_set_t
configure:15423: gcc -c -g -O2  conftest.c >&5
configure:15423: $? = 0
configure:15423: gcc -c -g -O2  conftest.c >&5
conftest.c: In function 'main':
conftest.c:65:24: error: expected expression before ')' token
 if (sizeof ((cpu_set_t)))
                        ^
configure:15423: $? = 1
configure: failed program was:
| /* confdefs.h */
| #define PACKAGE_NAME "userspace-rcu"
| #define PACKAGE_TARNAME "userspace-rcu"
| #define PACKAGE_VERSION "0.11.0-pre"
| #define PACKAGE_STRING "userspace-rcu 0.11.0-pre"
| #define PACKAGE_BUGREPORT "mathieu dot desnoyers at efficios dot com"
| #define PACKAGE_URL "http://liburcu.org/"
| #define PACKAGE "userspace-rcu"
| #define VERSION "0.11.0-pre"
| #define TLS __thread
| #define CONFIG_RCU_TLS __thread
| #define STDC_HEADERS 1
| #define HAVE_SYS_TYPES_H 1
| #define HAVE_SYS_STAT_H 1
| #define HAVE_STDLIB_H 1
| #define HAVE_STRING_H 1
| #define HAVE_MEMORY_H 1
| #define HAVE_STRINGS_H 1
| #define HAVE_INTTYPES_H 1
| #define HAVE_STDINT_H 1
| #define HAVE_UNISTD_H 1
| #define __EXTENSIONS__ 1
| #define _ALL_SOURCE 1
| #define _GNU_SOURCE 1
| #define _POSIX_PTHREAD_SEMANTICS 1
| #define _TANDEM_SOURCE 1
| #define HAVE_DLFCN_H 1
| #define LT_OBJDIR ".libs/"
| #define HAVE___ATTRIBUTE__ 1
| #define HAVE_PTHREAD_PRIO_INHERIT 1
| #define HAVE_PTHREAD 1
| #define HAVE_STDLIB_H 1
| #define HAVE_UNISTD_H 1
| #define HAVE_SYS_PARAM_H 1
| #define HAVE_GETPAGESIZE 1
| #define HAVE_MMAP 1
| #define HAVE_FORK 1
| #define HAVE_VFORK 1
| #define HAVE_WORKING_VFORK 1
| #define HAVE_WORKING_FORK 1
| #define HAVE_ATEXIT 1
| #define HAVE_GETTIMEOFDAY 1
| #define HAVE_MEMSET 1
| #define HAVE_MUNMAP 1
| #define HAVE_RAND_R 1
| #define HAVE_SCHED_GETCPU 1
| #define HAVE_STRERROR 1
| #define HAVE_STRTOUL 1
| #define HAVE_SYSCONF 1
| #define HAVE__BOOL 1
| #define HAVE_STDBOOL_H 1
| #define HAVE_LIMITS_H 1
| #define HAVE_STDDEF_H 1
| #define HAVE_SYS_PARAM_H 1
| #define HAVE_SYS_TIME_H 1
| #define CONFIG_RCU_HAVE_FENCE 1
| #define CONFIG_RCU_HAVE_FUTEX 1
| #define CONFIG_RCU_HAVE_CLOCK_GETTIME 1
| /* end confdefs.h.  */
| #include <sched.h>
| 
| int
| main ()
| {
| if (sizeof ((cpu_set_t)))
| 	    return 0;
|   ;
|   return 0;
| }
configure:15423: result: yes
configure:15438: checking whether CPU_ZERO works
configure:15453: gcc -c -g -O2  conftest.c >&5
configure:15453: $? = 0
configure:15457: result: yes
configure:15469: checking whether CPU_SET works
configure:15484: gcc -c -g -O2  conftest.c >&5
configure:15484: $? = 0
configure:15488: result: yes
configure:15502: checking for sched_setaffinity
configure:15502: gcc -o conftest -g -O2   conftest.c  >&5
configure:15502: $? = 0
configure:15502: result: yes
configure:15519: checking how many arguments sched_setaffinity takes
configure:15534: gcc -c -g -O2  conftest.c >&5
configure:15534: $? = 0
configure:15545: result: 3
configure:15802: checking that generated files are newer than configure
configure:15808: result: done
configure:15859: creating ./config.status

## ---------------------- ##
## Running config.status. ##
## ---------------------- ##

This file was extended by userspace-rcu config.status 0.11.0-pre, which was
generated by GNU Autoconf 2.69.  Invocation command line was

  CONFIG_FILES    = 
  CONFIG_HEADERS  = 
  CONFIG_LINKS    = 
  CONFIG_COMMANDS = 
  $ ./config.status 

on dino-sus

config.status:1239: creating Makefile
config.status:1239: creating doc/Makefile
config.status:1239: creating doc/examples/Makefile
config.status:1239: creating include/Makefile
config.status:1239: creating src/Makefile
config.status:1239: creating tests/Makefile
config.status:1239: creating tests/common/Makefile
config.status:1239: creating tests/unit/Makefile
config.status:1239: creating tests/benchmark/Makefile
config.status:1239: creating tests/regression/Makefile
config.status:1239: creating tests/utils/Makefile
config.status:1239: creating src/liburcu.pc
config.status:1239: creating src/liburcu-bp.pc
config.status:1239: creating src/liburcu-cds.pc
config.status:1239: creating src/liburcu-qsbr.pc
config.status:1239: creating src/liburcu-mb.pc
config.status:1239: creating src/liburcu-signal.pc
config.status:1239: creating tests/regression/rcutorture_urcu_bp_perf_global.tap
config.status:1239: creating tests/regression/rcutorture_urcu_bp_perf_percpu.tap
config.status:1239: creating tests/regression/rcutorture_urcu_bp_perf_perthread.tap
config.status:1239: creating tests/regression/rcutorture_urcu_bp_rperf_global.tap
config.status:1239: creating tests/regression/rcutorture_urcu_bp_rperf_percpu.tap
config.status:1239: creating tests/regression/rcutorture_urcu_bp_rperf_perthread.tap
config.status:1239: creating tests/regression/rcutorture_urcu_bp_stress_global.tap
config.status:1239: creating tests/regression/rcutorture_urcu_bp_stress_percpu.tap
config.status:1239: creating tests/regression/rcutorture_urcu_bp_stress_perthread.tap
config.status:1239: creating tests/regression/rcutorture_urcu_bp_uperf_global.tap
config.status:1239: creating tests/regression/rcutorture_urcu_bp_uperf_percpu.tap
config.status:1239: creating tests/regression/rcutorture_urcu_bp_uperf_perthread.tap
config.status:1239: creating tests/regression/rcutorture_urcu_mb_perf_global.tap
config.status:1239: creating tests/regression/rcutorture_urcu_mb_perf_percpu.tap
config.status:1239: creating tests/regression/rcutorture_urcu_mb_perf_perthread.tap
config.status:1239: creating tests/regression/rcutorture_urcu_mb_rperf_global.tap
config.status:1239: creating tests/regression/rcutorture_urcu_mb_rperf_percpu.tap
config.status:1239: creating tests/regression/rcutorture_urcu_mb_rperf_perthread.tap
config.status:1239: creating tests/regression/rcutorture_urcu_mb_stress_global.tap
config.status:1239: creating tests/regression/rcutorture_urcu_mb_stress_percpu.tap
config.status:1239: creating tests/regression/rcutorture_urcu_mb_stress_perthread.tap
config.status:1239: creating tests/regression/rcutorture_urcu_mb_uperf_global.tap
config.status:1239: creating tests/regression/rcutorture_urcu_mb_uperf_percpu.tap
config.status:1239: creating tests/regression/rcutorture_urcu_mb_uperf_perthread.tap
config.status:1239: creating tests/regression/rcutorture_urcu_membarrier_perf_global.tap
config.status:1239: creating tests/regression/rcutorture_urcu_membarrier_perf_percpu.tap
config.status:1239: creating tests/regression/rcutorture_urcu_membarrier_perf_perthread.tap
config.status:1239: creating tests/regression/rcutorture_urcu_membarrier_rperf_global.tap
config.status:1239: creating tests/regression/rcutorture_urcu_membarrier_rperf_percpu.tap
config.status:1239: creating tests/regression/rcutorture_urcu_membarrier_rperf_perthread.tap
config.status:1239: creating tests/regression/rcutorture_urcu_membarrier_stress_global.tap
config.status:1239: creating tests/regression/rcutorture_urcu_membarrier_stress_percpu.tap
config.status:1239: creating tests/regression/rcutorture_urcu_membarrier_stress_perthread.tap
config.status:1239: creating tests/regression/rcutorture_urcu_membarrier_uperf_global.tap
config.status:1239: creating tests/regression/rcutorture_urcu_membarrier_uperf_percpu.tap
config.status:1239: creating tests/regression/rcutorture_urcu_membarrier_uperf_perthread.tap
config.status:1239: creating tests/regression/rcutorture_urcu_qsbr_perf_global.tap
config.status:1239: creating tests/regression/rcutorture_urcu_qsbr_perf_percpu.tap
config.status:1239: creating tests/regression/rcutorture_urcu_qsbr_perf_perthread.tap
config.status:1239: creating tests/regression/rcutorture_urcu_qsbr_rperf_global.tap
config.status:1239: creating tests/regression/rcutorture_urcu_qsbr_rperf_percpu.tap
config.status:1239: creating tests/regression/rcutorture_urcu_qsbr_rperf_perthread.tap
config.status:1239: creating tests/regression/rcutorture_urcu_qsbr_stress_global.tap
config.status:1239: creating tests/regression/rcutorture_urcu_qsbr_stress_percpu.tap
config.status:1239: creating tests/regression/rcutorture_urcu_qsbr_stress_perthread.tap
config.status:1239: creating tests/regression/rcutorture_urcu_qsbr_uperf_global.tap
config.status:1239: creating tests/regression/rcutorture_urcu_qsbr_uperf_percpu.tap
config.status:1239: creating tests/regression/rcutorture_urcu_qsbr_uperf_perthread.tap
config.status:1239: creating tests/regression/rcutorture_urcu_signal_perf_global.tap
config.status:1239: creating tests/regression/rcutorture_urcu_signal_perf_percpu.tap
config.status:1239: creating tests/regression/rcutorture_urcu_signal_perf_perthread.tap
config.status:1239: creating tests/regression/rcutorture_urcu_signal_rperf_global.tap
config.status:1239: creating tests/regression/rcutorture_urcu_signal_rperf_percpu.tap
config.status:1239: creating tests/regression/rcutorture_urcu_signal_rperf_perthread.tap
config.status:1239: creating tests/regression/rcutorture_urcu_signal_stress_global.tap
config.status:1239: creating tests/regression/rcutorture_urcu_signal_stress_percpu.tap
config.status:1239: creating tests/regression/rcutorture_urcu_signal_stress_perthread.tap
config.status:1239: creating tests/regression/rcutorture_urcu_signal_uperf_global.tap
config.status:1239: creating tests/regression/rcutorture_urcu_signal_uperf_percpu.tap
config.status:1239: creating tests/regression/rcutorture_urcu_signal_uperf_perthread.tap
config.status:1239: creating include/config.h
config.status:1239: creating include/urcu/config.h
config.status:1480: linking include/urcu/arch/x86.h to include/urcu/arch.h
config.status:1480: linking include/urcu/uatomic/x86.h to include/urcu/uatomic.h
config.status:1499: executing depfiles commands
config.status:1499: executing libtool commands
configure:18191: checking for tput
configure:18209: found /usr/bin/tput
configure:18221: result: /usr/bin/tput

## ---------------- ##
## Cache variables. ##
## ---------------- ##

ac_cv_build=x86_64-pc-linux-gnu
ac_cv_c_compiler_gnu=yes
ac_cv_c_inline=inline
ac_cv_c_int32_t=yes
ac_cv_c_uint16_t=yes
ac_cv_c_uint32_t=yes
ac_cv_c_uint64_t=yes
ac_cv_c_uint8_t=yes
ac_cv_env_CC_set=
ac_cv_env_CC_value=
ac_cv_env_CFLAGS_set=
ac_cv_env_CFLAGS_value=
ac_cv_env_CPPFLAGS_set=
ac_cv_env_CPPFLAGS_value=
ac_cv_env_CPP_set=
ac_cv_env_CPP_value=
ac_cv_env_LDFLAGS_set=
ac_cv_env_LDFLAGS_value=
ac_cv_env_LIBS_set=
ac_cv_env_LIBS_value=
ac_cv_env_LT_SYS_LIBRARY_PATH_set=
ac_cv_env_LT_SYS_LIBRARY_PATH_value=
ac_cv_env_build_alias_set=
ac_cv_env_build_alias_value=
ac_cv_env_host_alias_set=
ac_cv_env_host_alias_value=
ac_cv_env_target_alias_set=
ac_cv_env_target_alias_value=
ac_cv_func_atexit=yes
ac_cv_func_fork=yes
ac_cv_func_fork_works=yes
ac_cv_func_getcpuid=no
ac_cv_func_getpagesize=yes
ac_cv_func_gettid=no
ac_cv_func_gettimeofday=yes
ac_cv_func_memeset=no
ac_cv_func_memset=yes
ac_cv_func_mmap_fixed_mapped=yes
ac_cv_func_munmap=yes
ac_cv_func_rand_r=yes
ac_cv_func_sched_getcpu=yes
ac_cv_func_sched_setaffinity=yes
ac_cv_func_strerror=yes
ac_cv_func_strtoul=yes
ac_cv_func_sysconf=yes
ac_cv_func_vfork=yes
ac_cv_func_vfork_works=yes
ac_cv_header_dlfcn_h=yes
ac_cv_header_inttypes_h=yes
ac_cv_header_limits_h=yes
ac_cv_header_memory_h=yes
ac_cv_header_minix_config_h=no
ac_cv_header_stdbool_h=yes
ac_cv_header_stdc=yes
ac_cv_header_stddef_h=yes
ac_cv_header_stdint_h=yes
ac_cv_header_stdlib_h=yes
ac_cv_header_string_h=yes
ac_cv_header_strings_h=yes
ac_cv_header_sys_param_h=yes
ac_cv_header_sys_stat_h=yes
ac_cv_header_sys_time_h=yes
ac_cv_header_sys_types_h=yes
ac_cv_header_unistd_h=yes
ac_cv_header_vfork_h=no
ac_cv_host=x86_64-pc-linux-gnu
ac_cv_objext=o
ac_cv_path_EGREP='/bin/grep -E'
ac_cv_path_FGREP='/bin/grep -F'
ac_cv_path_GREP=/bin/grep
ac_cv_path_SED=/bin/sed
ac_cv_path_install='/usr/bin/install -c'
ac_cv_path_lt_DD=/bin/dd
ac_cv_path_mkdir=/bin/mkdir
ac_cv_path_pprint_tput=/usr/bin/tput
ac_cv_prog_AWK=mawk
ac_cv_prog_CPP='gcc -E'
ac_cv_prog_GETCONF=getconf
ac_cv_prog_NPROC=nproc
ac_cv_prog_ac_ct_AR=ar
ac_cv_prog_ac_ct_CC=gcc
ac_cv_prog_ac_ct_MANIFEST_TOOL=mt
ac_cv_prog_ac_ct_OBJDUMP=objdump
ac_cv_prog_ac_ct_RANLIB=ranlib
ac_cv_prog_ac_ct_STRIP=strip
ac_cv_prog_cc_c89=
ac_cv_prog_cc_c99=
ac_cv_prog_cc_g=yes
ac_cv_prog_cc_stdc=
ac_cv_prog_make_make_set=yes
ac_cv_safe_to_define___extensions__=yes
ac_cv_search_clock_gettime='none required'
ac_cv_target=x86_64-pc-linux-gnu
ac_cv_tls=__thread
ac_cv_type__Bool=yes
ac_cv_type_cpu_set_t=yes
ac_cv_type_pid_t=yes
ac_cv_type_size_t=yes
ac_cv_type_ssize_t=yes
am_cv_CC_dependencies_compiler_type=gcc3
am_cv_make_support_nested_variables=yes
am_cv_prog_cc_c_o=yes
ax_cv_PTHREAD_CLANG=no
ax_cv_PTHREAD_JOINABLE_ATTR=PTHREAD_CREATE_JOINABLE
ax_cv_PTHREAD_PRIO_INHERIT=yes
ax_cv_PTHREAD_SPECIAL_FLAGS=no
ax_cv___attribute__=yes
lt_cv_ar_at_file=@
lt_cv_archive_cmds_need_lc=no
lt_cv_deplibs_check_method=pass_all
lt_cv_file_magic_cmd='$MAGIC_CMD'
lt_cv_file_magic_test_file=
lt_cv_ld_reload_flag=-r
lt_cv_nm_interface='BSD nm'
lt_cv_objdir=.libs
lt_cv_path_LD=/usr/bin/ld
lt_cv_path_NM='/usr/bin/nm -B'
lt_cv_path_mainfest_tool=no
lt_cv_prog_compiler_c_o=yes
lt_cv_prog_compiler_pic='-fPIC -DPIC'
lt_cv_prog_compiler_pic_works=yes
lt_cv_prog_compiler_rtti_exceptions=no
lt_cv_prog_compiler_static_works=yes
lt_cv_prog_gnu_ld=yes
lt_cv_sharedlib_from_linklib_cmd='printf %s\n'
lt_cv_shlibpath_overrides_runpath=yes
lt_cv_sys_global_symbol_pipe='sed -n -e '\''s/^.*[	 ]\([ABCDGIRSTW][ABCDGIRSTW]*\)[	 ][	 ]*\([_A-Za-z][_A-Za-z0-9]*\)$/\1 \2 \2/p'\'' | sed '\''/ __gnu_lto/d'\'''
lt_cv_sys_global_symbol_to_c_name_address='sed -n -e '\''s/^: \(.*\) .*$/  {"\1", (void *) 0},/p'\'' -e '\''s/^[ABCDGIRSTW][ABCDGIRSTW]* .* \(.*\)$/  {"\1", (void *) \&\1},/p'\'''
lt_cv_sys_global_symbol_to_c_name_address_lib_prefix='sed -n -e '\''s/^: \(.*\) .*$/  {"\1", (void *) 0},/p'\'' -e '\''s/^[ABCDGIRSTW][ABCDGIRSTW]* .* \(lib.*\)$/  {"\1", (void *) \&\1},/p'\'' -e '\''s/^[ABCDGIRSTW][ABCDGIRSTW]* .* \(.*\)$/  {"lib\1", (void *) \&\1},/p'\'''
lt_cv_sys_global_symbol_to_cdecl='sed -n -e '\''s/^T .* \(.*\)$/extern int \1();/p'\'' -e '\''s/^[ABCDGIRSTW][ABCDGIRSTW]* .* \(.*\)$/extern char \1;/p'\'''
lt_cv_sys_global_symbol_to_import=
lt_cv_sys_max_cmd_len=1572864
lt_cv_to_host_file_cmd=func_convert_file_noop
lt_cv_to_tool_file_cmd=func_convert_file_noop
lt_cv_truncate_bin='/bin/dd bs=4096 count=1'

## ----------------- ##
## Output variables. ##
## ----------------- ##

ACLOCAL='${SHELL} /home/sujeo/Programming/COP4520/Relativistic-red-black-trees/userspace-rcu-master/config/missing aclocal-1.15'
AMDEPBACKSLASH='\'
AMDEP_FALSE='#'
AMDEP_TRUE=''
AMTAR='$${TAR-tar}'
AM_BACKSLASH='\'
AM_CFLAGS='-Wall  -pthread'
AM_CPPFLAGS='-include config.h'
AM_DEFAULT_V='$(AM_DEFAULT_VERBOSITY)'
AM_DEFAULT_VERBOSITY='0'
AM_V='$(V)'
AR='ar'
ARCHTYPE='x86'
AUTOCONF='${SHELL} /home/sujeo/Programming/COP4520/Relativistic-red-black-trees/userspace-rcu-master/config/missing autoconf'
AUTOHEADER='${SHELL} /home/sujeo/Programming/COP4520/Relativistic-red-black-trees/userspace-rcu-master/config/missing autoheader'
AUTOMAKE='${SHELL} /home/sujeo/Programming/COP4520/Relativistic-red-black-trees/userspace-rcu-master/config/missing automake-1.15'
AWK='mawk'
CC='gcc'
CCDEPMODE='depmode=gcc3'
CFLAGS='-g -O2'
COMPAT_ARCH_FALSE=''
COMPAT_ARCH_TRUE='#'
COMPAT_FUTEX_FALSE=''
COMPAT_FUTEX_TRUE='#'
CPP='gcc -E'
CPPFLAGS=''
CYGPATH_W='echo'
DEFS='-DHAVE_CONFIG_H'
DEPDIR='.deps'
DLLTOOL='false'
DSYMUTIL=''
DUMPBIN=''
ECHO_C=''
ECHO_N='-n'
ECHO_T=''
EGREP='/bin/grep -E'
EXEEXT=''
FGREP='/bin/grep -F'
GETCONF='getconf'
GREP='/bin/grep'
INSTALL_DATA='${INSTALL} -m 644'
INSTALL_PROGRAM='${INSTALL}'
INSTALL_SCRIPT='${INSTALL}'
INSTALL_STRIP_PROGRAM='$(install_sh) -c -s'
LD='/usr/bin/ld -m elf_x86_64'
LDFLAGS=''
LIBOBJS=''
LIBS=''
LIBTOOL='$(SHELL) $(top_builddir)/libtool'
LIPO=''
LN_S='ln -s'
LTLIBOBJS=''
LT_SYS_LIBRARY_PATH=''
MAINT=''
MAINTAINER_MODE_FALSE='#'
MAINTAINER_MODE_TRUE=''
MAKEINFO='${SHELL} /home/sujeo/Programming/COP4520/Relativistic-red-black-trees/userspace-rcu-master/config/missing makeinfo'
MANIFEST_TOOL=':'
MKDIR_P='/bin/mkdir -p'
NM='/usr/bin/nm -B'
NMEDIT=''
NO_SHARED_FALSE=''
NO_SHARED_TRUE='#'
NPROC='nproc'
NPROC_CMD='nproc'
OBJDUMP='objdump'
OBJEXT='o'
OTOOL64=''
OTOOL=''
PACKAGE='userspace-rcu'
PACKAGE_BUGREPORT='mathieu dot desnoyers at efficios dot com'
PACKAGE_NAME='userspace-rcu'
PACKAGE_STRING='userspace-rcu 0.11.0-pre'
PACKAGE_TARNAME='userspace-rcu'
PACKAGE_URL='http://liburcu.org/'
PACKAGE_VERSION='0.11.0-pre'
PATH_SEPARATOR=':'
PTHREAD_CC='gcc'
PTHREAD_CFLAGS='-pthread'
PTHREAD_LIBS=''
RANLIB='ranlib'
SED='/bin/sed'
SET_MAKE=''
SHELL='/bin/bash'
STRIP='strip'
SUBARCHTYPE=''
URCU_LIBRARY_VERSION='6:0:0'
USE_CYGWIN_FALSE=''
USE_CYGWIN_TRUE='#'
VERSION='0.11.0-pre'
ac_ct_AR='ar'
ac_ct_CC='gcc'
ac_ct_DUMPBIN=''
am__EXEEXT_FALSE=''
am__EXEEXT_TRUE='#'
am__fastdepCC_FALSE='#'
am__fastdepCC_TRUE=''
am__include='include'
am__isrc=''
am__leading_dot='.'
am__nodep='_no'
am__quote=''
am__tar='$${TAR-tar} chof - "$$tardir"'
am__untar='$${TAR-tar} xf -'
ax_pthread_config=''
bindir='${exec_prefix}/bin'
build='x86_64-pc-linux-gnu'
build_alias=''
build_cpu='x86_64'
build_os='linux-gnu'
build_vendor='pc'
datadir='${datarootdir}'
datarootdir='${prefix}/share'
docdir='${datarootdir}/doc/${PACKAGE_TARNAME}'
dvidir='${docdir}'
exec_prefix='${prefix}'
host='x86_64-pc-linux-gnu'
host_alias=''
host_cpu='x86_64'
host_os='linux-gnu'
host_vendor='pc'
htmldir='${docdir}'
includedir='${prefix}/include'
infodir='${datarootdir}/info'
install_sh='${SHELL} /home/sujeo/Programming/COP4520/Relativistic-red-black-trees/userspace-rcu-master/config/install-sh'
libdir='${exec_prefix}/lib'
libexecdir='${exec_prefix}/libexec'
localedir='${datarootdir}/locale'
localstatedir='${prefix}/var'
mandir='${datarootdir}/man'
mkdir_p='$(MKDIR_P)'
oldincludedir='/usr/include'
pdfdir='${docdir}'
pprint_tput='/usr/bin/tput'
prefix='/usr/local'
program_transform_name='s,x,x,'
psdir='${docdir}'
runstatedir='${localstatedir}/run'
sbindir='${exec_prefix}/sbin'
sharedstatedir='${prefix}/com'
sysconfdir='${prefix}/etc'
target='x86_64-pc-linux-gnu'
target_alias=''
target_cpu='x86_64'
target_os='linux-gnu'
target_vendor='pc'

## ----------- ##
## confdefs.h. ##
## ----------- ##

/* confdefs.h */
#define PACKAGE_NAME "userspace-rcu"
#define PACKAGE_TARNAME "userspace-rcu"
#define PACKAGE_VERSION "0.11.0-pre"
#define PACKAGE_STRING "userspace-rcu 0.11.0-pre"
#define PACKAGE_BUGREPORT "mathieu dot desnoyers at efficios dot com"
#define PACKAGE_URL "http://liburcu.org/"
#define PACKAGE "userspace-rcu"
#define VERSION "0.11.0-pre"
#define TLS __thread
#define CONFIG_RCU_TLS __thread
#define STDC_HEADERS 1
#define HAVE_SYS_TYPES_H 1
#define HAVE_SYS_STAT_H 1
#define HAVE_STDLIB_H 1
#define HAVE_STRING_H 1
#define HAVE_MEMORY_H 1
#define HAVE_STRINGS_H 1
#define HAVE_INTTYPES_H 1
#define HAVE_STDINT_H 1
#define HAVE_UNISTD_H 1
#define __EXTENSIONS__ 1
#define _ALL_SOURCE 1
#define _GNU_SOURCE 1
#define _POSIX_PTHREAD_SEMANTICS 1
#define _TANDEM_SOURCE 1
#define HAVE_DLFCN_H 1
#define LT_OBJDIR ".libs/"
#define HAVE___ATTRIBUTE__ 1
#define HAVE_PTHREAD_PRIO_INHERIT 1
#define HAVE_PTHREAD 1
#define HAVE_STDLIB_H 1
#define HAVE_UNISTD_H 1
#define HAVE_SYS_PARAM_H 1
#define HAVE_GETPAGESIZE 1
#define HAVE_MMAP 1
#define HAVE_FORK 1
#define HAVE_VFORK 1
#define HAVE_WORKING_VFORK 1
#define HAVE_WORKING_FORK 1
#define HAVE_ATEXIT 1
#define HAVE_GETTIMEOFDAY 1
#define HAVE_MEMSET 1
#define HAVE_MUNMAP 1
#define HAVE_RAND_R 1
#define HAVE_SCHED_GETCPU 1
#define HAVE_STRERROR 1
#define HAVE_STRTOUL 1
#define HAVE_SYSCONF 1
#define HAVE__BOOL 1
#define HAVE_STDBOOL_H 1
#define HAVE_LIMITS_H 1
#define HAVE_STDDEF_H 1
#define HAVE_SYS_PARAM_H 1
#define HAVE_SYS_TIME_H 1
#define CONFIG_RCU_HAVE_FENCE 1
#define CONFIG_RCU_HAVE_FUTEX 1
#define CONFIG_RCU_HAVE_CLOCK_GETTIME 1
#define HAVE_CPU_SET_T 1
#define HAVE_CPU_ZERO 1
#define HAVE_CPU_SET 1
#define HAVE_SCHED_SETAFFINITY 1
#define SCHED_SETAFFINITY_ARGS 3

configure: exit 0
